TN:
SF:/Users/samhouse/Documents/Coding/kaiwa/src/routes.jsx
FNF:0
FNH:0
DA:1,1
DA:2,1
DA:3,1
DA:4,1
DA:5,1
DA:6,1
DA:9,1
LF:7
LH:7
BRF:0
BRH:0
end_of_record
TN:
SF:/Users/samhouse/Documents/Coding/kaiwa/src/store.js
FNF:0
FNH:0
DA:1,1
DA:2,1
DA:3,1
DA:4,1
DA:5,1
DA:7,1
DA:15,1
DA:17,1
DA:18,1
DA:19,1
DA:22,1
LF:11
LH:11
BRDA:18,0,0,1
BRDA:18,0,1,0
BRF:2
BRH:1
end_of_record
TN:
SF:/Users/samhouse/Documents/Coding/kaiwa/src/actions/actionCreators.js
FN:1,fetchShows
FN:8,selectShow
FN:15,fetchGenres
FN:22,openModal
FN:29,closeModal
FN:36,updateUserInState
FNF:6
FNH:0
FNDA:0,fetchShows
FNDA:0,selectShow
FNDA:0,fetchGenres
FNDA:0,openModal
FNDA:0,closeModal
FNDA:0,updateUserInState
DA:2,0
DA:9,0
DA:16,0
DA:23,0
DA:30,0
DA:37,0
LF:6
LH:0
BRF:0
BRH:0
end_of_record
TN:
SF:/Users/samhouse/Documents/Coding/kaiwa/src/components/appRoutes.jsx
FN:11,onUpdate
FNF:1
FNH:0
FNDA:0,onUpdate
DA:1,1
DA:2,1
DA:3,1
DA:4,1
DA:5,1
DA:9,0
DA:11,0
LF:7
LH:5
BRF:0
BRH:0
end_of_record
TN:
SF:/Users/samhouse/Documents/Coding/kaiwa/src/components/genreCarousel.jsx
FN:7,GenreCarousel
FN:36,(anonymous_12)
FN:38,(anonymous_13)
FN:63,(anonymous_16)
FN:70,render
FN:73,onClick
FN:87,render
FN:90,onClick
FN:104,render
FN:111,(anonymous_22)
FN:104,getIndexes
FN:104,getListStyles
FN:104,getListItemStyles
FN:104,getButtonStyles
FNF:14
FNH:0
FNDA:0,GenreCarousel
FNDA:0,(anonymous_12)
FNDA:0,(anonymous_13)
FNDA:0,(anonymous_16)
FNDA:0,render
FNDA:0,onClick
FNDA:0,render
FNDA:0,onClick
FNDA:0,render
FNDA:0,(anonymous_22)
FNDA:0,getIndexes
FNDA:0,getListStyles
FNDA:0,getListItemStyles
FNDA:0,getButtonStyles
DA:1,1
DA:2,1
DA:3,1
DA:4,1
DA:7,0
DA:9,0
DA:14,0
DA:15,0
DA:16,0
DA:20,0
DA:24,0
DA:25,0
DA:26,0
DA:27,0
DA:28,0
DA:29,0
DA:33,0
DA:34,0
DA:35,0
DA:36,0
DA:37,0
DA:38,0
DA:39,0
DA:45,0
DA:46,0
DA:47,0
DA:48,0
DA:50,0
DA:51,0
DA:52,0
DA:53,0
DA:54,0
DA:55,0
DA:57,0
DA:61,0
DA:62,0
DA:63,0
DA:64,0
DA:67,0
DA:68,0
DA:71,0
DA:72,0
DA:73,0
DA:88,0
DA:89,0
DA:90,0
DA:106,0
DA:107,0
DA:108,0
DA:112,0
DA:127,0
DA:128,0
DA:129,0
DA:131,0
DA:134,0
DA:142,0
DA:148,0
DA:164,0
LF:58
LH:4
BRDA:7,0,0,0
BRDA:7,0,1,0
BRDA:24,1,0,0
BRDA:24,1,1,0
BRDA:26,2,0,0
BRDA:26,2,1,0
BRDA:28,3,0,0
BRDA:28,3,1,0
BRDA:46,4,0,0
BRDA:46,4,1,0
BRDA:50,5,0,0
BRDA:50,5,1,0
BRDA:52,6,0,0
BRDA:52,6,1,0
BRDA:52,7,0,0
BRDA:52,7,1,0
BRDA:54,8,0,0
BRDA:54,8,1,0
BRDA:54,9,0,0
BRDA:54,9,1,0
BRDA:54,9,2,0
BRDA:156,10,0,0
BRDA:156,10,1,0
BRF:23
BRH:0
end_of_record
TN:
SF:/Users/samhouse/Documents/Coding/kaiwa/src/components/home.jsx
FNF:0
FNH:0
DA:1,1
DA:2,1
DA:4,1
DA:7,1
DA:11,0
DA:42,1
LF:6
LH:5
BRF:0
BRH:0
end_of_record
TN:
SF:/Users/samhouse/Documents/Coding/kaiwa/src/components/layout.jsx
FN:19,onClick
FN:25,onClick
FN:26,onClick
FN:61,mapStateToProps
FN:71,mapDispatchToProps
FNF:5
FNH:0
FNDA:0,onClick
FNDA:0,onClick
FNDA:0,onClick
FNDA:0,mapStateToProps
FNDA:0,mapDispatchToProps
DA:1,1
DA:2,1
DA:3,1
DA:4,1
DA:5,1
DA:6,1
DA:7,1
DA:8,1
DA:9,1
DA:10,1
DA:13,0
DA:14,0
DA:15,0
DA:16,0
DA:19,0
DA:23,0
DA:25,0
DA:26,0
DA:30,0
DA:57,1
DA:62,0
DA:72,0
LF:22
LH:11
BRDA:15,0,0,0
BRDA:15,0,1,0
BRF:2
BRH:0
end_of_record
TN:
SF:/Users/samhouse/Documents/Coding/kaiwa/src/components/loginModal.jsx
FNF:0
FNH:0
DA:1,1
DA:2,1
DA:6,0
LF:3
LH:2
BRF:0
BRH:0
end_of_record
TN:
SF:/Users/samhouse/Documents/Coding/kaiwa/src/components/modalFormSubmitContainer.jsx
FN:8,ModalFormSubmitContainer
FN:17,(anonymous_10)
FN:21,(anonymous_11)
FN:32,hide
FN:41,hide
FNF:5
FNH:0
FNDA:0,ModalFormSubmitContainer
FNDA:0,(anonymous_10)
FNDA:0,(anonymous_11)
FNDA:0,hide
FNDA:0,hide
DA:1,1
DA:2,1
DA:3,1
DA:4,1
DA:5,1
DA:8,0
DA:10,0
DA:13,0
DA:14,0
DA:15,0
DA:16,0
DA:18,0
DA:19,0
DA:22,0
DA:26,0
DA:27,0
DA:29,0
DA:32,0
DA:36,0
DA:38,0
DA:41,0
DA:45,0
LF:22
LH:5
BRDA:8,0,0,0
BRDA:8,0,1,0
BRDA:28,1,0,0
BRDA:28,1,1,0
BRDA:28,1,2,0
BRF:5
BRH:0
end_of_record
TN:
SF:/Users/samhouse/Documents/Coding/kaiwa/src/components/notFoundPage.jsx
FNF:0
FNH:0
DA:1,1
DA:2,1
DA:6,0
LF:3
LH:2
BRF:0
BRH:0
end_of_record
TN:
SF:/Users/samhouse/Documents/Coding/kaiwa/src/components/registrationModal.jsx
FNF:0
FNH:0
DA:1,1
DA:2,1
DA:6,0
LF:3
LH:2
BRF:0
BRH:0
end_of_record
TN:
SF:/Users/samhouse/Documents/Coding/kaiwa/src/components/showCard.jsx
FNF:0
FNH:0
DA:1,1
DA:2,1
DA:6,0
DA:7,0
LF:4
LH:2
BRF:0
BRH:0
end_of_record
TN:
SF:/Users/samhouse/Documents/Coding/kaiwa/src/components/showContainer.jsx
FN:8,ShowContainer
FN:19,(anonymous_10)
FN:22,(anonymous_11)
FNF:3
FNH:0
FNDA:0,ShowContainer
FNDA:0,(anonymous_10)
FNDA:0,(anonymous_11)
DA:1,1
DA:2,1
DA:3,1
DA:4,1
DA:5,1
DA:8,0
DA:10,0
DA:13,0
DA:16,0
DA:17,0
DA:18,0
DA:20,0
DA:23,0
DA:28,0
DA:29,0
DA:33,0
LF:16
LH:5
BRDA:8,0,0,0
BRDA:8,0,1,0
BRDA:28,1,0,0
BRDA:28,1,1,0
BRF:4
BRH:0
end_of_record
TN:
SF:/Users/samhouse/Documents/Coding/kaiwa/src/components/showPage.jsx
FN:10,(anonymous_10)
FN:13,(anonymous_11)
FNF:2
FNH:0
FNDA:0,(anonymous_10)
FNDA:0,(anonymous_11)
DA:1,1
DA:2,1
DA:3,1
DA:6,0
DA:7,0
DA:8,0
DA:9,0
DA:11,0
DA:14,0
DA:19,0
DA:20,0
DA:21,0
DA:66,0
LF:13
LH:3
BRDA:7,0,0,0
BRDA:7,0,1,0
BRDA:20,1,0,0
BRDA:20,1,1,0
BRDA:20,2,0,0
BRDA:20,2,1,0
BRF:6
BRH:0
end_of_record
TN:
SF:/Users/samhouse/Documents/Coding/kaiwa/src/components/showTile.jsx
FNF:0
FNH:0
DA:1,1
DA:2,1
DA:6,1
DA:7,1
LF:4
LH:4
BRF:0
BRH:0
end_of_record
TN:
SF:/Users/samhouse/Documents/Coding/kaiwa/src/components/shows.jsx
FN:10,(anonymous_10)
FN:13,(anonymous_11)
FN:19,(anonymous_13)
FNF:3
FNH:0
FNDA:0,(anonymous_10)
FNDA:0,(anonymous_11)
FNDA:0,(anonymous_13)
DA:1,1
DA:2,1
DA:3,1
DA:4,1
DA:5,1
DA:8,0
DA:9,0
DA:11,0
DA:14,0
DA:18,0
DA:19,0
DA:20,0
DA:22,0
LF:13
LH:5
BRF:0
BRH:0
end_of_record
TN:
SF:/Users/samhouse/Documents/Coding/kaiwa/src/reducers/genres.js
FN:3,genres
FNF:1
FNH:1
FNDA:4,genres
DA:3,4
DA:4,4
DA:6,0
DA:7,0
DA:9,4
LF:5
LH:3
BRDA:3,0,0,2
BRDA:3,0,1,2
BRDA:3,1,0,4
BRDA:3,1,1,4
BRDA:5,2,0,0
BRDA:5,2,1,4
BRF:6
BRH:5
end_of_record
TN:
SF:/Users/samhouse/Documents/Coding/kaiwa/src/reducers/index.js
FNF:0
FNH:0
DA:1,1
DA:2,1
DA:3,1
DA:4,1
DA:5,1
DA:6,1
LF:6
LH:6
BRF:0
BRH:0
end_of_record
TN:
SF:/Users/samhouse/Documents/Coding/kaiwa/src/reducers/modals.js
FN:1,modal
FNF:1
FNH:1
FNDA:4,modal
DA:1,4
DA:2,4
DA:4,0
DA:5,0
DA:7,0
DA:8,0
DA:10,4
LF:7
LH:3
BRDA:1,0,0,2
BRDA:1,0,1,2
BRDA:1,1,0,4
BRDA:1,1,1,4
BRDA:3,2,0,0
BRDA:3,2,1,0
BRDA:3,2,2,4
BRDA:7,3,0,0
BRDA:7,3,1,0
BRDA:7,4,0,0
BRDA:7,4,1,0
BRF:11
BRH:5
end_of_record
TN:
SF:/Users/samhouse/Documents/Coding/kaiwa/src/reducers/shows.js
FN:3,shows
FN:13,show
FNF:2
FNH:2
FNDA:4,shows
FNDA:4,show
DA:3,4
DA:4,4
DA:6,0
DA:7,0
DA:9,4
DA:13,4
DA:14,4
DA:16,0
DA:17,0
DA:19,4
LF:10
LH:6
BRDA:3,0,0,2
BRDA:3,0,1,2
BRDA:3,1,0,4
BRDA:3,1,1,4
BRDA:5,2,0,0
BRDA:5,2,1,4
BRDA:13,3,0,2
BRDA:13,3,1,2
BRDA:13,4,0,4
BRDA:13,4,1,4
BRDA:15,5,0,0
BRDA:15,5,1,4
BRF:12
BRH:10
end_of_record
TN:
SF:/Users/samhouse/Documents/Coding/kaiwa/src/reducers/users.js
FN:1,user
FNF:1
FNH:1
FNDA:4,user
DA:1,4
DA:2,4
DA:4,0
DA:5,0
DA:7,4
LF:5
LH:3
BRDA:1,0,0,2
BRDA:1,0,1,2
BRDA:1,1,0,4
BRDA:1,1,1,4
BRDA:3,2,0,0
BRDA:3,2,1,4
BRF:6
BRH:5
end_of_record
